{"/Users/jjardine/src/js/libs/react-month-picker-ts/src/constants/index.ts": {"path":"/Users/jjardine/src/js/libs/react-month-picker-ts/src/constants/index.ts","all":false,"statementMap":{"0":{"start":{"line":1,"column":0},"end":{"line":1,"column":23}},"1":{"start":{"line":2,"column":0},"end":{"line":2,"column":24}},"2":{"start":{"line":3,"column":0},"end":{"line":3,"column":25}},"3":{"start":{"line":4,"column":0},"end":{"line":4,"column":25}},"4":{"start":{"line":5,"column":0},"end":{"line":5,"column":24}},"5":{"start":{"line":6,"column":0},"end":{"line":6,"column":25}}},"s":{"0":1,"1":1,"2":1,"3":1,"4":1,"5":1},"branchMap":{},"b":{},"fnMap":{},"f":{}}
,"/Users/jjardine/src/js/libs/react-month-picker-ts/src/constants/numbers.ts": {"path":"/Users/jjardine/src/js/libs/react-month-picker-ts/src/constants/numbers.ts","all":false,"statementMap":{"0":{"start":{"line":1,"column":0},"end":{"line":1,"column":32}}},"s":{"0":1},"branchMap":{"0":{"type":"branch","line":1,"loc":{"start":{"line":1,"column":30},"end":{"line":1,"column":32}},"locations":[{"start":{"line":1,"column":30},"end":{"line":1,"column":32}}]}},"b":{"0":[117]},"fnMap":{"0":{"name":"get","decl":{"start":{"line":1,"column":30},"end":{"line":1,"column":32}},"loc":{"start":{"line":1,"column":30},"end":{"line":1,"column":32}},"line":1}},"f":{"0":117}}
,"/Users/jjardine/src/js/libs/react-month-picker-ts/src/constants/strings.ts": {"path":"/Users/jjardine/src/js/libs/react-month-picker-ts/src/constants/strings.ts","all":false,"statementMap":{"0":{"start":{"line":1,"column":0},"end":{"line":1,"column":46}}},"s":{"0":1},"branchMap":{"0":{"type":"branch","line":1,"loc":{"start":{"line":1,"column":42},"end":{"line":1,"column":46}},"locations":[{"start":{"line":1,"column":42},"end":{"line":1,"column":46}}]}},"b":{"0":[1]},"fnMap":{"0":{"name":"get","decl":{"start":{"line":1,"column":42},"end":{"line":1,"column":46}},"loc":{"start":{"line":1,"column":42},"end":{"line":1,"column":46}},"line":1}},"f":{"0":1}}
,"/Users/jjardine/src/js/libs/react-month-picker-ts/src/constants/enums/index.ts": {"path":"/Users/jjardine/src/js/libs/react-month-picker-ts/src/constants/enums/index.ts","all":false,"statementMap":{"0":{"start":{"line":1,"column":0},"end":{"line":1,"column":35}}},"s":{"0":1},"branchMap":{},"b":{},"fnMap":{},"f":{}}
,"/Users/jjardine/src/js/libs/react-month-picker-ts/src/constants/enums/month-picker-type.ts": {"path":"/Users/jjardine/src/js/libs/react-month-picker-ts/src/constants/enums/month-picker-type.ts","all":false,"statementMap":{"0":{"start":{"line":1,"column":0},"end":{"line":1,"column":29}},"1":{"start":{"line":2,"column":0},"end":{"line":2,"column":21}},"2":{"start":{"line":3,"column":0},"end":{"line":3,"column":18}},"3":{"start":{"line":4,"column":0},"end":{"line":4,"column":20}},"4":{"start":{"line":5,"column":0},"end":{"line":5,"column":1}}},"s":{"0":1,"1":1,"2":1,"3":1,"4":1},"branchMap":{"0":{"type":"branch","line":1,"loc":{"start":{"line":1,"column":7},"end":{"line":1,"column":29}},"locations":[{"start":{"line":1,"column":7},"end":{"line":1,"column":29}}]},"1":{"type":"branch","line":1,"loc":{"start":{"line":1,"column":12},"end":{"line":1,"column":29}},"locations":[{"start":{"line":1,"column":12},"end":{"line":1,"column":29}}]}},"b":{"0":[2],"1":[3]},"fnMap":{"0":{"name":"get","decl":{"start":{"line":1,"column":12},"end":{"line":1,"column":29}},"loc":{"start":{"line":1,"column":12},"end":{"line":1,"column":29}},"line":1}},"f":{"0":3}}
,"/Users/jjardine/src/js/libs/react-month-picker-ts/src/constants/models/available-month-date.ts": {"path":"/Users/jjardine/src/js/libs/react-month-picker-ts/src/constants/models/available-month-date.ts","all":false,"statementMap":{"0":{"start":{"line":1,"column":0},"end":{"line":1,"column":45}},"1":{"start":{"line":2,"column":0},"end":{"line":2,"column":55}},"2":{"start":{"line":3,"column":0},"end":{"line":3,"column":20}},"3":{"start":{"line":4,"column":0},"end":{"line":4,"column":19}},"4":{"start":{"line":5,"column":0},"end":{"line":5,"column":1}}},"s":{"0":1,"1":1,"2":1,"3":1,"4":1},"branchMap":{},"b":{},"fnMap":{},"f":{}}
,"/Users/jjardine/src/js/libs/react-month-picker-ts/src/constants/models/available-year.ts": {"path":"/Users/jjardine/src/js/libs/react-month-picker-ts/src/constants/models/available-year.ts","all":false,"statementMap":{"0":{"start":{"line":1,"column":0},"end":{"line":1,"column":64}},"1":{"start":{"line":2,"column":0},"end":{"line":2,"column":0}},"2":{"start":{"line":3,"column":0},"end":{"line":3,"column":32}},"3":{"start":{"line":4,"column":0},"end":{"line":4,"column":14}},"4":{"start":{"line":5,"column":0},"end":{"line":5,"column":33}},"5":{"start":{"line":6,"column":0},"end":{"line":6,"column":1}}},"s":{"0":1,"1":1,"2":1,"3":1,"4":1,"5":1},"branchMap":{},"b":{},"fnMap":{},"f":{}}
,"/Users/jjardine/src/js/libs/react-month-picker-ts/src/constants/models/index.ts": {"path":"/Users/jjardine/src/js/libs/react-month-picker-ts/src/constants/models/index.ts","all":false,"statementMap":{"0":{"start":{"line":1,"column":0},"end":{"line":1,"column":38}},"1":{"start":{"line":2,"column":0},"end":{"line":2,"column":32}},"2":{"start":{"line":3,"column":0},"end":{"line":3,"column":28}},"3":{"start":{"line":4,"column":0},"end":{"line":4,"column":29}}},"s":{"0":1,"1":1,"2":1,"3":1},"branchMap":{},"b":{},"fnMap":{},"f":{}}
,"/Users/jjardine/src/js/libs/react-month-picker-ts/src/constants/models/month-date.ts": {"path":"/Users/jjardine/src/js/libs/react-month-picker-ts/src/constants/models/month-date.ts","all":false,"statementMap":{"0":{"start":{"line":1,"column":0},"end":{"line":1,"column":28}},"1":{"start":{"line":2,"column":0},"end":{"line":2,"column":15}},"2":{"start":{"line":3,"column":0},"end":{"line":3,"column":14}},"3":{"start":{"line":4,"column":0},"end":{"line":4,"column":1}}},"s":{"0":1,"1":1,"2":1,"3":1},"branchMap":{},"b":{},"fnMap":{},"f":{}}
,"/Users/jjardine/src/js/libs/react-month-picker-ts/src/constants/models/month-range.ts": {"path":"/Users/jjardine/src/js/libs/react-month-picker-ts/src/constants/models/month-range.ts","all":false,"statementMap":{"0":{"start":{"line":1,"column":0},"end":{"line":1,"column":45}},"1":{"start":{"line":2,"column":0},"end":{"line":2,"column":29}},"2":{"start":{"line":3,"column":0},"end":{"line":3,"column":18}},"3":{"start":{"line":4,"column":0},"end":{"line":4,"column":16}},"4":{"start":{"line":5,"column":0},"end":{"line":5,"column":1}}},"s":{"0":1,"1":1,"2":1,"3":1,"4":1},"branchMap":{},"b":{},"fnMap":{},"f":{}}
,"/Users/jjardine/src/js/libs/react-month-picker-ts/src/constants/styles/index.ts": {"path":"/Users/jjardine/src/js/libs/react-month-picker-ts/src/constants/styles/index.ts","all":false,"statementMap":{"0":{"start":{"line":1,"column":0},"end":{"line":1,"column":29}}},"s":{"0":1},"branchMap":{},"b":{},"fnMap":{},"f":{}}
,"/Users/jjardine/src/js/libs/react-month-picker-ts/src/constants/styles/nav-buttons.ts": {"path":"/Users/jjardine/src/js/libs/react-month-picker-ts/src/constants/styles/nav-buttons.ts","all":false,"statementMap":{"0":{"start":{"line":1,"column":0},"end":{"line":1,"column":36}},"1":{"start":{"line":2,"column":0},"end":{"line":2,"column":48}},"2":{"start":{"line":3,"column":0},"end":{"line":3,"column":55}},"3":{"start":{"line":4,"column":0},"end":{"line":4,"column":22}},"4":{"start":{"line":5,"column":0},"end":{"line":5,"column":64}},"5":{"start":{"line":6,"column":0},"end":{"line":6,"column":104}},"6":{"start":{"line":7,"column":0},"end":{"line":7,"column":21}},"7":{"start":{"line":8,"column":0},"end":{"line":8,"column":18}},"8":{"start":{"line":9,"column":0},"end":{"line":9,"column":42}},"9":{"start":{"line":10,"column":0},"end":{"line":10,"column":19}},"10":{"start":{"line":11,"column":0},"end":{"line":11,"column":14}},"11":{"start":{"line":12,"column":0},"end":{"line":12,"column":10}},"12":{"start":{"line":13,"column":0},"end":{"line":13,"column":25}},"13":{"start":{"line":14,"column":0},"end":{"line":14,"column":41}},"14":{"start":{"line":15,"column":0},"end":{"line":15,"column":21}},"15":{"start":{"line":16,"column":0},"end":{"line":16,"column":3}},"16":{"start":{"line":17,"column":0},"end":{"line":17,"column":13}},"17":{"start":{"line":18,"column":0},"end":{"line":18,"column":25}},"18":{"start":{"line":19,"column":0},"end":{"line":19,"column":75}},"19":{"start":{"line":20,"column":0},"end":{"line":20,"column":21}},"20":{"start":{"line":21,"column":0},"end":{"line":21,"column":24}},"21":{"start":{"line":22,"column":0},"end":{"line":22,"column":12}},"22":{"start":{"line":23,"column":0},"end":{"line":23,"column":52}},"23":{"start":{"line":24,"column":0},"end":{"line":24,"column":5}},"24":{"start":{"line":25,"column":0},"end":{"line":25,"column":12}},"25":{"start":{"line":26,"column":0},"end":{"line":26,"column":114}},"26":{"start":{"line":27,"column":0},"end":{"line":27,"column":5}},"27":{"start":{"line":28,"column":0},"end":{"line":28,"column":3}},"28":{"start":{"line":29,"column":0},"end":{"line":29,"column":10}},"29":{"start":{"line":30,"column":0},"end":{"line":30,"column":74}},"30":{"start":{"line":31,"column":0},"end":{"line":31,"column":3}},"31":{"start":{"line":32,"column":0},"end":{"line":32,"column":1}},"32":{"start":{"line":33,"column":0},"end":{"line":33,"column":0}},"33":{"start":{"line":34,"column":0},"end":{"line":34,"column":30}},"34":{"start":{"line":35,"column":0},"end":{"line":35,"column":21}},"35":{"start":{"line":36,"column":0},"end":{"line":36,"column":14}},"36":{"start":{"line":37,"column":0},"end":{"line":37,"column":28}},"37":{"start":{"line":38,"column":0},"end":{"line":38,"column":1}},"38":{"start":{"line":39,"column":0},"end":{"line":39,"column":0}},"39":{"start":{"line":40,"column":0},"end":{"line":40,"column":30}},"40":{"start":{"line":41,"column":0},"end":{"line":41,"column":21}},"41":{"start":{"line":42,"column":0},"end":{"line":42,"column":14}},"42":{"start":{"line":43,"column":0},"end":{"line":43,"column":1}}},"s":{"0":1,"1":1,"2":1,"3":1,"4":1,"5":1,"6":1,"7":1,"8":1,"9":1,"10":1,"11":1,"12":1,"13":1,"14":1,"15":1,"16":1,"17":1,"18":1,"19":1,"20":1,"21":1,"22":1,"23":1,"24":1,"25":1,"26":1,"27":1,"28":1,"29":1,"30":1,"31":1,"32":1,"33":1,"34":1,"35":1,"36":1,"37":1,"38":1,"39":1,"40":1,"41":1,"42":1},"branchMap":{},"b":{},"fnMap":{"0":{"name":"get","decl":{"start":{"line":36,"column":4},"end":{"line":36,"column":14}},"loc":{"start":{"line":36,"column":4},"end":{"line":36,"column":14}},"line":36},"1":{"name":"get","decl":{"start":{"line":42,"column":4},"end":{"line":42,"column":14}},"loc":{"start":{"line":42,"column":4},"end":{"line":42,"column":14}},"line":42}},"f":{"0":0,"1":0}}
,"/Users/jjardine/src/js/libs/react-month-picker-ts/src/constants/theming/index.ts": {"path":"/Users/jjardine/src/js/libs/react-month-picker-ts/src/constants/theming/index.ts","all":false,"statementMap":{"0":{"start":{"line":1,"column":0},"end":{"line":1,"column":40}},"1":{"start":{"line":2,"column":0},"end":{"line":2,"column":40}}},"s":{"0":1,"1":1},"branchMap":{},"b":{},"fnMap":{},"f":{}}
,"/Users/jjardine/src/js/libs/react-month-picker-ts/src/constants/theming/month-picker-theme-var.ts": {"path":"/Users/jjardine/src/js/libs/react-month-picker-ts/src/constants/theming/month-picker-theme-var.ts","all":false,"statementMap":{"0":{"start":{"line":1,"column":0},"end":{"line":1,"column":33}},"1":{"start":{"line":2,"column":0},"end":{"line":2,"column":49}},"2":{"start":{"line":3,"column":0},"end":{"line":3,"column":71}},"3":{"start":{"line":4,"column":0},"end":{"line":4,"column":63}},"4":{"start":{"line":5,"column":0},"end":{"line":5,"column":77}},"5":{"start":{"line":6,"column":0},"end":{"line":6,"column":55}},"6":{"start":{"line":7,"column":0},"end":{"line":7,"column":45}},"7":{"start":{"line":8,"column":0},"end":{"line":8,"column":91}},"8":{"start":{"line":9,"column":0},"end":{"line":9,"column":87}},"9":{"start":{"line":10,"column":0},"end":{"line":10,"column":93}},"10":{"start":{"line":11,"column":0},"end":{"line":11,"column":74}},"11":{"start":{"line":12,"column":0},"end":{"line":12,"column":70}},"12":{"start":{"line":13,"column":0},"end":{"line":13,"column":76}},"13":{"start":{"line":14,"column":0},"end":{"line":14,"column":62}},"14":{"start":{"line":15,"column":0},"end":{"line":15,"column":80}},"15":{"start":{"line":16,"column":0},"end":{"line":16,"column":54}},"16":{"start":{"line":17,"column":0},"end":{"line":17,"column":66}},"17":{"start":{"line":18,"column":0},"end":{"line":18,"column":84}},"18":{"start":{"line":19,"column":0},"end":{"line":19,"column":48}},"19":{"start":{"line":20,"column":0},"end":{"line":20,"column":79}},"20":{"start":{"line":21,"column":0},"end":{"line":21,"column":61}},"21":{"start":{"line":22,"column":0},"end":{"line":22,"column":1}}},"s":{"0":1,"1":1,"2":1,"3":1,"4":1,"5":1,"6":1,"7":1,"8":1,"9":1,"10":1,"11":1,"12":1,"13":1,"14":1,"15":1,"16":1,"17":1,"18":1,"19":1,"20":1,"21":1},"branchMap":{"0":{"type":"branch","line":1,"loc":{"start":{"line":1,"column":7},"end":{"line":1,"column":33}},"locations":[{"start":{"line":1,"column":7},"end":{"line":1,"column":33}}]},"1":{"type":"branch","line":1,"loc":{"start":{"line":1,"column":12},"end":{"line":1,"column":33}},"locations":[{"start":{"line":1,"column":12},"end":{"line":1,"column":33}}]}},"b":{"0":[1],"1":[25]},"fnMap":{"0":{"name":"get","decl":{"start":{"line":1,"column":12},"end":{"line":1,"column":33}},"loc":{"start":{"line":1,"column":12},"end":{"line":1,"column":33}},"line":1}},"f":{"0":25}}
,"/Users/jjardine/src/js/libs/react-month-picker-ts/src/constants/theming/set-month-picker-theme.ts": {"path":"/Users/jjardine/src/js/libs/react-month-picker-ts/src/constants/theming/set-month-picker-theme.ts","all":false,"statementMap":{"0":{"start":{"line":1,"column":0},"end":{"line":1,"column":62}},"1":{"start":{"line":2,"column":0},"end":{"line":2,"column":37}},"2":{"start":{"line":3,"column":0},"end":{"line":3,"column":48}},"3":{"start":{"line":4,"column":0},"end":{"line":4,"column":59}},"4":{"start":{"line":5,"column":0},"end":{"line":5,"column":55}},"5":{"start":{"line":6,"column":0},"end":{"line":6,"column":62}},"6":{"start":{"line":7,"column":0},"end":{"line":7,"column":51}},"7":{"start":{"line":8,"column":0},"end":{"line":8,"column":61}},"8":{"start":{"line":9,"column":0},"end":{"line":9,"column":69}},"9":{"start":{"line":10,"column":0},"end":{"line":10,"column":67}},"10":{"start":{"line":11,"column":0},"end":{"line":11,"column":70}},"11":{"start":{"line":12,"column":0},"end":{"line":12,"column":63}},"12":{"start":{"line":13,"column":0},"end":{"line":13,"column":61}},"13":{"start":{"line":14,"column":0},"end":{"line":14,"column":64}},"14":{"start":{"line":15,"column":0},"end":{"line":15,"column":56}},"15":{"start":{"line":16,"column":0},"end":{"line":16,"column":65}},"16":{"start":{"line":17,"column":0},"end":{"line":17,"column":52}},"17":{"start":{"line":18,"column":0},"end":{"line":18,"column":58}},"18":{"start":{"line":19,"column":0},"end":{"line":19,"column":67}},"19":{"start":{"line":20,"column":0},"end":{"line":20,"column":53}},"20":{"start":{"line":21,"column":0},"end":{"line":21,"column":66}},"21":{"start":{"line":22,"column":0},"end":{"line":22,"column":54}},"22":{"start":{"line":23,"column":0},"end":{"line":23,"column":1}}},"s":{"0":1,"1":1,"2":1,"3":1,"4":1,"5":1,"6":1,"7":1,"8":1,"9":1,"10":1,"11":1,"12":1,"13":1,"14":1,"15":1,"16":1,"17":1,"18":1,"19":1,"20":1,"21":1,"22":1},"branchMap":{},"b":{},"fnMap":{"0":{"name":"get","decl":{"start":{"line":22,"column":24},"end":{"line":22,"column":54}},"loc":{"start":{"line":22,"column":24},"end":{"line":22,"column":54}},"line":22}},"f":{"0":0}}
,"/Users/jjardine/src/js/libs/react-month-picker-ts/src/utils/build-fresh-available-year.ts": {"path":"/Users/jjardine/src/js/libs/react-month-picker-ts/src/utils/build-fresh-available-year.ts","all":false,"statementMap":{"0":{"start":{"line":1,"column":0},"end":{"line":1,"column":45}},"1":{"start":{"line":2,"column":0},"end":{"line":2,"column":49}},"2":{"start":{"line":3,"column":0},"end":{"line":3,"column":0}},"3":{"start":{"line":4,"column":0},"end":{"line":4,"column":58}},"4":{"start":{"line":5,"column":0},"end":{"line":5,"column":40}},"5":{"start":{"line":6,"column":0},"end":{"line":6,"column":9}},"6":{"start":{"line":7,"column":0},"end":{"line":7,"column":18}},"7":{"start":{"line":8,"column":0},"end":{"line":8,"column":3}},"8":{"start":{"line":9,"column":0},"end":{"line":9,"column":44}},"9":{"start":{"line":10,"column":0},"end":{"line":10,"column":34}},"10":{"start":{"line":11,"column":0},"end":{"line":11,"column":11}},"11":{"start":{"line":12,"column":0},"end":{"line":12,"column":15}},"12":{"start":{"line":13,"column":0},"end":{"line":13,"column":23}},"13":{"start":{"line":14,"column":0},"end":{"line":14,"column":22}},"14":{"start":{"line":15,"column":0},"end":{"line":15,"column":6}},"15":{"start":{"line":16,"column":0},"end":{"line":16,"column":3}},"16":{"start":{"line":17,"column":0},"end":{"line":17,"column":22}},"17":{"start":{"line":18,"column":0},"end":{"line":18,"column":1}}},"s":{"0":1,"1":1,"2":1,"3":1,"4":9,"5":9,"6":9,"7":9,"8":9,"9":108,"10":108,"11":108,"12":108,"13":108,"14":108,"15":108,"16":9,"17":9},"branchMap":{"0":{"type":"branch","line":4,"loc":{"start":{"line":4,"column":40},"end":{"line":18,"column":1}},"locations":[{"start":{"line":4,"column":40},"end":{"line":18,"column":1}}]},"1":{"type":"branch","line":9,"loc":{"start":{"line":9,"column":43},"end":{"line":17,"column":9}},"locations":[{"start":{"line":9,"column":43},"end":{"line":17,"column":9}}]},"2":{"type":"branch","line":18,"loc":{"start":{"line":18,"column":0},"end":{"line":18,"column":1}},"locations":[{"start":{"line":18,"column":0},"end":{"line":18,"column":1}}]}},"b":{"0":[9],"1":[108],"2":[9]},"fnMap":{"0":{"name":"buildFreshAvaialbleYear","decl":{"start":{"line":4,"column":40},"end":{"line":18,"column":1}},"loc":{"start":{"line":4,"column":40},"end":{"line":18,"column":1}},"line":4},"1":{"name":"get","decl":{"start":{"line":18,"column":0},"end":{"line":18,"column":1}},"loc":{"start":{"line":18,"column":0},"end":{"line":18,"column":1}},"line":18}},"f":{"0":9,"1":9}}
,"/Users/jjardine/src/js/libs/react-month-picker-ts/src/utils/build-year-list-from-months.ts": {"path":"/Users/jjardine/src/js/libs/react-month-picker-ts/src/utils/build-year-list-from-months.ts","all":false,"statementMap":{"0":{"start":{"line":1,"column":0},"end":{"line":1,"column":70}},"1":{"start":{"line":2,"column":0},"end":{"line":2,"column":72}},"2":{"start":{"line":3,"column":0},"end":{"line":3,"column":49}},"3":{"start":{"line":4,"column":0},"end":{"line":4,"column":46}},"4":{"start":{"line":5,"column":0},"end":{"line":5,"column":34}},"5":{"start":{"line":6,"column":0},"end":{"line":6,"column":34}},"6":{"start":{"line":7,"column":0},"end":{"line":7,"column":35}},"7":{"start":{"line":8,"column":0},"end":{"line":8,"column":58}},"8":{"start":{"line":9,"column":0},"end":{"line":9,"column":31}},"9":{"start":{"line":10,"column":0},"end":{"line":10,"column":39}},"10":{"start":{"line":11,"column":0},"end":{"line":11,"column":0}},"11":{"start":{"line":12,"column":0},"end":{"line":12,"column":60}},"12":{"start":{"line":13,"column":0},"end":{"line":13,"column":49}},"13":{"start":{"line":14,"column":0},"end":{"line":14,"column":60}},"14":{"start":{"line":15,"column":0},"end":{"line":15,"column":36}},"15":{"start":{"line":16,"column":0},"end":{"line":16,"column":39}},"16":{"start":{"line":17,"column":0},"end":{"line":17,"column":29}},"17":{"start":{"line":18,"column":0},"end":{"line":18,"column":7}},"18":{"start":{"line":19,"column":0},"end":{"line":19,"column":6}},"19":{"start":{"line":20,"column":0},"end":{"line":20,"column":35}},"20":{"start":{"line":21,"column":0},"end":{"line":21,"column":76}},"21":{"start":{"line":22,"column":0},"end":{"line":22,"column":23}},"22":{"start":{"line":23,"column":0},"end":{"line":23,"column":33}},"23":{"start":{"line":24,"column":0},"end":{"line":24,"column":30}},"24":{"start":{"line":25,"column":0},"end":{"line":25,"column":25}},"25":{"start":{"line":26,"column":0},"end":{"line":26,"column":9}},"26":{"start":{"line":27,"column":0},"end":{"line":27,"column":41}},"27":{"start":{"line":28,"column":0},"end":{"line":28,"column":38}},"28":{"start":{"line":29,"column":0},"end":{"line":29,"column":12}},"29":{"start":{"line":30,"column":0},"end":{"line":30,"column":7}},"30":{"start":{"line":31,"column":0},"end":{"line":31,"column":25}},"31":{"start":{"line":32,"column":0},"end":{"line":32,"column":5}},"32":{"start":{"line":33,"column":0},"end":{"line":33,"column":3}},"33":{"start":{"line":34,"column":0},"end":{"line":34,"column":47}},"34":{"start":{"line":35,"column":0},"end":{"line":35,"column":30}},"35":{"start":{"line":36,"column":0},"end":{"line":36,"column":57}},"36":{"start":{"line":37,"column":0},"end":{"line":37,"column":4}},"37":{"start":{"line":38,"column":0},"end":{"line":38,"column":0}},"38":{"start":{"line":39,"column":0},"end":{"line":39,"column":60}},"39":{"start":{"line":40,"column":0},"end":{"line":40,"column":37}},"40":{"start":{"line":41,"column":0},"end":{"line":41,"column":43}},"41":{"start":{"line":42,"column":0},"end":{"line":42,"column":35}},"42":{"start":{"line":43,"column":0},"end":{"line":43,"column":45}},"43":{"start":{"line":44,"column":0},"end":{"line":44,"column":42}},"44":{"start":{"line":45,"column":0},"end":{"line":45,"column":36}},"45":{"start":{"line":46,"column":0},"end":{"line":46,"column":35}},"46":{"start":{"line":47,"column":0},"end":{"line":47,"column":13}},"47":{"start":{"line":48,"column":0},"end":{"line":48,"column":12}},"48":{"start":{"line":49,"column":0},"end":{"line":49,"column":9}},"49":{"start":{"line":50,"column":0},"end":{"line":50,"column":8}},"50":{"start":{"line":51,"column":0},"end":{"line":51,"column":6}},"51":{"start":{"line":52,"column":0},"end":{"line":52,"column":35}},"52":{"start":{"line":53,"column":0},"end":{"line":53,"column":40}},"53":{"start":{"line":54,"column":0},"end":{"line":54,"column":22}},"54":{"start":{"line":55,"column":0},"end":{"line":55,"column":94}},"55":{"start":{"line":56,"column":0},"end":{"line":56,"column":7}},"56":{"start":{"line":57,"column":0},"end":{"line":57,"column":5}},"57":{"start":{"line":58,"column":0},"end":{"line":58,"column":22}},"58":{"start":{"line":59,"column":0},"end":{"line":59,"column":36}},"59":{"start":{"line":60,"column":0},"end":{"line":60,"column":34}},"60":{"start":{"line":61,"column":0},"end":{"line":61,"column":41}},"61":{"start":{"line":62,"column":0},"end":{"line":62,"column":41}},"62":{"start":{"line":63,"column":0},"end":{"line":63,"column":70}},"63":{"start":{"line":64,"column":0},"end":{"line":64,"column":23}},"64":{"start":{"line":65,"column":0},"end":{"line":65,"column":9}},"65":{"start":{"line":66,"column":0},"end":{"line":66,"column":21}},"66":{"start":{"line":67,"column":0},"end":{"line":67,"column":32}},"67":{"start":{"line":68,"column":0},"end":{"line":68,"column":31}},"68":{"start":{"line":69,"column":0},"end":{"line":69,"column":9}},"69":{"start":{"line":70,"column":0},"end":{"line":70,"column":66}},"70":{"start":{"line":71,"column":0},"end":{"line":71,"column":24}},"71":{"start":{"line":72,"column":0},"end":{"line":72,"column":9}},"72":{"start":{"line":73,"column":0},"end":{"line":73,"column":8}},"73":{"start":{"line":74,"column":0},"end":{"line":74,"column":6}},"74":{"start":{"line":75,"column":0},"end":{"line":75,"column":3}},"75":{"start":{"line":76,"column":0},"end":{"line":76,"column":26}},"76":{"start":{"line":77,"column":0},"end":{"line":77,"column":1}}},"s":{"0":1,"1":1,"2":1,"3":1,"4":1,"5":1,"6":1,"7":6,"8":6,"9":6,"10":6,"11":6,"12":3,"13":3,"14":3,"15":6,"16":4,"17":4,"18":6,"19":3,"20":3,"21":3,"22":3,"23":3,"24":3,"25":3,"26":3,"27":3,"28":3,"29":3,"30":5,"31":5,"32":3,"33":6,"34":6,"35":9,"36":9,"37":6,"38":6,"39":3,"40":6,"41":9,"42":6,"43":72,"44":6,"45":6,"46":6,"47":72,"48":6,"49":9,"50":6,"51":3,"52":3,"53":0,"54":0,"55":0,"56":0,"57":3,"58":3,"59":3,"60":3,"61":5,"62":60,"63":3,"64":3,"65":60,"66":42,"67":42,"68":42,"69":60,"70":3,"71":3,"72":60,"73":5,"74":3,"75":6,"76":6},"branchMap":{"0":{"type":"branch","line":7,"loc":{"start":{"line":7,"column":25},"end":{"line":77,"column":1}},"locations":[{"start":{"line":7,"column":25},"end":{"line":77,"column":1}}]},"1":{"type":"branch","line":12,"loc":{"start":{"line":12,"column":6},"end":{"line":12,"column":59}},"locations":[{"start":{"line":12,"column":6},"end":{"line":12,"column":59}}]},"2":{"type":"branch","line":12,"loc":{"start":{"line":12,"column":59},"end":{"line":34,"column":8}},"locations":[{"start":{"line":12,"column":59},"end":{"line":34,"column":8}}]},"3":{"type":"branch","line":30,"loc":{"start":{"line":30,"column":6},"end":{"line":32,"column":5}},"locations":[{"start":{"line":30,"column":6},"end":{"line":32,"column":5}}]},"4":{"type":"branch","line":39,"loc":{"start":{"line":39,"column":6},"end":{"line":39,"column":59}},"locations":[{"start":{"line":39,"column":6},"end":{"line":39,"column":59}}]},"5":{"type":"branch","line":39,"loc":{"start":{"line":39,"column":59},"end":{"line":76,"column":9}},"locations":[{"start":{"line":39,"column":59},"end":{"line":76,"column":9}}]},"6":{"type":"branch","line":53,"loc":{"start":{"line":53,"column":39},"end":{"line":58,"column":8}},"locations":[{"start":{"line":53,"column":39},"end":{"line":58,"column":8}}]},"7":{"type":"branch","line":15,"loc":{"start":{"line":15,"column":29},"end":{"line":19,"column":6}},"locations":[{"start":{"line":15,"column":29},"end":{"line":19,"column":6}}]},"8":{"type":"branch","line":16,"loc":{"start":{"line":16,"column":38},"end":{"line":18,"column":7}},"locations":[{"start":{"line":16,"column":38},"end":{"line":18,"column":7}}]},"9":{"type":"branch","line":35,"loc":{"start":{"line":35,"column":20},"end":{"line":37,"column":4}},"locations":[{"start":{"line":35,"column":20},"end":{"line":37,"column":4}}]},"10":{"type":"branch","line":40,"loc":{"start":{"line":40,"column":30},"end":{"line":51,"column":6}},"locations":[{"start":{"line":40,"column":30},"end":{"line":51,"column":6}}]},"11":{"type":"branch","line":41,"loc":{"start":{"line":41,"column":33},"end":{"line":50,"column":8}},"locations":[{"start":{"line":41,"column":33},"end":{"line":50,"column":8}}]},"12":{"type":"branch","line":42,"loc":{"start":{"line":42,"column":34},"end":{"line":49,"column":9}},"locations":[{"start":{"line":42,"column":34},"end":{"line":49,"column":9}}]},"13":{"type":"branch","line":43,"loc":{"start":{"line":43,"column":34},"end":{"line":48,"column":12}},"locations":[{"start":{"line":43,"column":34},"end":{"line":48,"column":12}}]},"14":{"type":"branch","line":44,"loc":{"start":{"line":44,"column":41},"end":{"line":47,"column":13}},"locations":[{"start":{"line":44,"column":41},"end":{"line":47,"column":13}}]},"15":{"type":"branch","line":61,"loc":{"start":{"line":61,"column":31},"end":{"line":74,"column":6}},"locations":[{"start":{"line":61,"column":31},"end":{"line":74,"column":6}}]},"16":{"type":"branch","line":62,"loc":{"start":{"line":62,"column":30},"end":{"line":73,"column":8}},"locations":[{"start":{"line":62,"column":30},"end":{"line":73,"column":8}}]},"17":{"type":"branch","line":63,"loc":{"start":{"line":63,"column":34},"end":{"line":63,"column":69}},"locations":[{"start":{"line":63,"column":34},"end":{"line":63,"column":69}}]},"18":{"type":"branch","line":63,"loc":{"start":{"line":63,"column":69},"end":{"line":66,"column":12}},"locations":[{"start":{"line":63,"column":69},"end":{"line":66,"column":12}}]},"19":{"type":"branch","line":66,"loc":{"start":{"line":66,"column":20},"end":{"line":70,"column":12}},"locations":[{"start":{"line":66,"column":20},"end":{"line":70,"column":12}}]},"20":{"type":"branch","line":70,"loc":{"start":{"line":70,"column":32},"end":{"line":70,"column":65}},"locations":[{"start":{"line":70,"column":32},"end":{"line":70,"column":65}}]},"21":{"type":"branch","line":70,"loc":{"start":{"line":70,"column":65},"end":{"line":72,"column":9}},"locations":[{"start":{"line":70,"column":65},"end":{"line":72,"column":9}}]},"22":{"type":"branch","line":77,"loc":{"start":{"line":77,"column":0},"end":{"line":77,"column":1}},"locations":[{"start":{"line":77,"column":0},"end":{"line":77,"column":1}}]}},"b":{"0":[6],"1":[3],"2":[3],"3":[5],"4":[3],"5":[3],"6":[0],"7":[6],"8":[4],"9":[9],"10":[6],"11":[9],"12":[6],"13":[72],"14":[6],"15":[5],"16":[60],"17":[5],"18":[3],"19":[42],"20":[5],"21":[3],"22":[6]},"fnMap":{"0":{"name":"buildYearListFromMonths","decl":{"start":{"line":7,"column":25},"end":{"line":77,"column":1}},"loc":{"start":{"line":7,"column":25},"end":{"line":77,"column":1}},"line":7},"1":{"name":"get","decl":{"start":{"line":77,"column":0},"end":{"line":77,"column":1}},"loc":{"start":{"line":77,"column":0},"end":{"line":77,"column":1}},"line":77}},"f":{"0":6,"1":6}}
,"/Users/jjardine/src/js/libs/react-month-picker-ts/src/utils/sort-month-date.ts": {"path":"/Users/jjardine/src/js/libs/react-month-picker-ts/src/utils/sort-month-date.ts","all":false,"statementMap":{"0":{"start":{"line":1,"column":0},"end":{"line":1,"column":45}},"1":{"start":{"line":2,"column":0},"end":{"line":2,"column":62}},"2":{"start":{"line":3,"column":0},"end":{"line":3,"column":24}},"3":{"start":{"line":4,"column":0},"end":{"line":4,"column":13}},"4":{"start":{"line":5,"column":0},"end":{"line":5,"column":31}},"5":{"start":{"line":6,"column":0},"end":{"line":6,"column":12}},"6":{"start":{"line":7,"column":0},"end":{"line":7,"column":10}},"7":{"start":{"line":8,"column":0},"end":{"line":8,"column":28}},"8":{"start":{"line":9,"column":0},"end":{"line":9,"column":15}},"9":{"start":{"line":10,"column":0},"end":{"line":10,"column":35}},"10":{"start":{"line":11,"column":0},"end":{"line":11,"column":14}},"11":{"start":{"line":12,"column":0},"end":{"line":12,"column":12}},"12":{"start":{"line":13,"column":0},"end":{"line":13,"column":14}},"13":{"start":{"line":14,"column":0},"end":{"line":14,"column":5}},"14":{"start":{"line":15,"column":0},"end":{"line":15,"column":3}},"15":{"start":{"line":16,"column":0},"end":{"line":16,"column":1}}},"s":{"0":1,"1":1,"2":16,"3":3,"4":16,"5":6,"6":9,"7":7,"8":2,"9":5,"10":4,"11":4,"12":1,"13":1,"14":7,"15":9},"branchMap":{"0":{"type":"branch","line":2,"loc":{"start":{"line":2,"column":61},"end":{"line":16,"column":1}},"locations":[{"start":{"line":2,"column":61},"end":{"line":16,"column":1}}]},"1":{"type":"branch","line":3,"loc":{"start":{"line":3,"column":23},"end":{"line":5,"column":13}},"locations":[{"start":{"line":3,"column":23},"end":{"line":5,"column":13}}]},"2":{"type":"branch","line":5,"loc":{"start":{"line":5,"column":2},"end":{"line":16,"column":1}},"locations":[{"start":{"line":5,"column":2},"end":{"line":16,"column":1}}]},"3":{"type":"branch","line":5,"loc":{"start":{"line":5,"column":30},"end":{"line":16,"column":1}},"locations":[{"start":{"line":5,"column":30},"end":{"line":16,"column":1}}]},"4":{"type":"branch","line":5,"loc":{"start":{"line":5,"column":30},"end":{"line":7,"column":9}},"locations":[{"start":{"line":5,"column":30},"end":{"line":7,"column":9}}]},"5":{"type":"branch","line":7,"loc":{"start":{"line":7,"column":2},"end":{"line":16,"column":1}},"locations":[{"start":{"line":7,"column":2},"end":{"line":16,"column":1}}]},"6":{"type":"branch","line":8,"loc":{"start":{"line":8,"column":27},"end":{"line":14,"column":5}},"locations":[{"start":{"line":8,"column":27},"end":{"line":14,"column":5}}]},"7":{"type":"branch","line":8,"loc":{"start":{"line":8,"column":27},"end":{"line":10,"column":15}},"locations":[{"start":{"line":8,"column":27},"end":{"line":10,"column":15}}]},"8":{"type":"branch","line":10,"loc":{"start":{"line":10,"column":34},"end":{"line":14,"column":5}},"locations":[{"start":{"line":10,"column":34},"end":{"line":14,"column":5}}]},"9":{"type":"branch","line":12,"loc":{"start":{"line":12,"column":4},"end":{"line":14,"column":5}},"locations":[{"start":{"line":12,"column":4},"end":{"line":14,"column":5}}]},"10":{"type":"branch","line":16,"loc":{"start":{"line":16,"column":0},"end":{"line":16,"column":1}},"locations":[{"start":{"line":16,"column":0},"end":{"line":16,"column":1}}]}},"b":{"0":[16],"1":[3],"2":[13],"3":[9],"4":[6],"5":[7],"6":[5],"7":[2],"8":[4],"9":[1],"10":[9]},"fnMap":{"0":{"name":"sortMonthDate","decl":{"start":{"line":2,"column":61},"end":{"line":16,"column":1}},"loc":{"start":{"line":2,"column":61},"end":{"line":16,"column":1}},"line":2},"1":{"name":"get","decl":{"start":{"line":16,"column":0},"end":{"line":16,"column":1}},"loc":{"start":{"line":16,"column":0},"end":{"line":16,"column":1}},"line":16}},"f":{"0":16,"1":9}}
}
